running egg_info
writing ../../build/ros2_opencv/ros2_opencv.egg-info/PKG-INFO
writing dependency_links to ../../build/ros2_opencv/ros2_opencv.egg-info/dependency_links.txt
writing entry points to ../../build/ros2_opencv/ros2_opencv.egg-info/entry_points.txt
writing requirements to ../../build/ros2_opencv/ros2_opencv.egg-info/requires.txt
writing top-level names to ../../build/ros2_opencv/ros2_opencv.egg-info/top_level.txt
reading manifest file '../../build/ros2_opencv/ros2_opencv.egg-info/SOURCES.txt'
writing manifest file '../../build/ros2_opencv/ros2_opencv.egg-info/SOURCES.txt'
running build
running build_py
copying ros2_opencv/robot_camera_subscriber.py -> /home/mscrobotics2324laptop2/ros_open_cv/build/ros2_opencv/build/lib/ros2_opencv
running install
running install_lib
copying /home/mscrobotics2324laptop2/ros_open_cv/build/ros2_opencv/build/lib/ros2_opencv/robot_camera_subscriber.py -> /home/mscrobotics2324laptop2/ros_open_cv/install/ros2_opencv/lib/python3.10/site-packages/ros2_opencv
byte-compiling /home/mscrobotics2324laptop2/ros_open_cv/install/ros2_opencv/lib/python3.10/site-packages/ros2_opencv/robot_camera_subscriber.py to robot_camera_subscriber.cpython-310.pyc
running install_data
running install_egg_info
removing '/home/mscrobotics2324laptop2/ros_open_cv/install/ros2_opencv/lib/python3.10/site-packages/ros2_opencv-0.0.0-py3.10.egg-info' (and everything under it)
Copying ../../build/ros2_opencv/ros2_opencv.egg-info to /home/mscrobotics2324laptop2/ros_open_cv/install/ros2_opencv/lib/python3.10/site-packages/ros2_opencv-0.0.0-py3.10.egg-info
running install_scripts
Installing camera_sensor_publisher script to /home/mscrobotics2324laptop2/ros_open_cv/install/ros2_opencv/lib/ros2_opencv
Installing camera_sensor_subscriber script to /home/mscrobotics2324laptop2/ros_open_cv/install/ros2_opencv/lib/ros2_opencv
Installing robot_camera_subscriber script to /home/mscrobotics2324laptop2/ros_open_cv/install/ros2_opencv/lib/ros2_opencv
writing list of installed files to '/home/mscrobotics2324laptop2/ros_open_cv/build/ros2_opencv/install.log'
