[1.171s] DEBUG:colcon:Command line arguments: ['/usr/bin/colcon', 'build']
[1.171s] DEBUG:colcon:Parsed command line arguments: Namespace(log_base=None, log_level=None, verb_name='build', build_base='build', install_base='install', merge_install=False, symlink_install=False, test_result_base=None, continue_on_error=False, executor='parallel', parallel_workers=12, event_handlers=None, ignore_user_meta=False, metas=['./colcon.meta'], base_paths=['.'], packages_ignore=None, packages_ignore_regex=None, paths=None, packages_up_to=None, packages_up_to_regex=None, packages_above=None, packages_above_and_dependencies=None, packages_above_depth=None, packages_select_by_dep=None, packages_skip_by_dep=None, packages_skip_up_to=None, packages_select_build_failed=False, packages_skip_build_finished=False, packages_select_test_failures=False, packages_skip_test_passed=False, packages_select=None, packages_skip=None, packages_select_regex=None, packages_skip_regex=None, packages_start=None, packages_end=None, allow_overriding=[], cmake_args=None, cmake_target=None, cmake_target_skip_unavailable=False, cmake_clean_cache=False, cmake_clean_first=False, cmake_force_configure=False, ament_cmake_args=None, catkin_cmake_args=None, catkin_skip_building_tests=False, verb_parser=<colcon_defaults.argument_parser.defaults.DefaultArgumentsDecorator object at 0x7fbb6719d000>, verb_extension=<colcon_core.verb.build.BuildVerb object at 0x7fbb6719ffa0>, main=<bound method BuildVerb.main of <colcon_core.verb.build.BuildVerb object at 0x7fbb6719ffa0>>)
[1.251s] Level 1:colcon.colcon_core.package_discovery:discover_packages(colcon_meta) check parameters
[1.251s] Level 1:colcon.colcon_core.package_discovery:discover_packages(recursive) check parameters
[1.251s] Level 1:colcon.colcon_core.package_discovery:discover_packages(ignore) check parameters
[1.251s] Level 1:colcon.colcon_core.package_discovery:discover_packages(path) check parameters
[1.252s] Level 1:colcon.colcon_core.package_discovery:discover_packages(colcon_meta) discover
[1.252s] Level 1:colcon.colcon_core.package_discovery:discover_packages(recursive) discover
[1.252s] INFO:colcon.colcon_core.package_discovery:Crawling recursively for packages in '/home/mscrobotics2324laptop2/ros_open_cv'
[1.252s] Level 1:colcon.colcon_core.package_identification:_identify(.) by extensions ['ignore', 'ignore_ament_install']
[1.252s] Level 1:colcon.colcon_core.package_identification:_identify(.) by extension 'ignore'
[1.252s] Level 1:colcon.colcon_core.package_identification:_identify(.) by extension 'ignore_ament_install'
[1.252s] Level 1:colcon.colcon_core.package_identification:_identify(.) by extensions ['colcon_pkg']
[1.252s] Level 1:colcon.colcon_core.package_identification:_identify(.) by extension 'colcon_pkg'
[1.252s] Level 1:colcon.colcon_core.package_identification:_identify(.) by extensions ['colcon_meta']
[1.252s] Level 1:colcon.colcon_core.package_identification:_identify(.) by extension 'colcon_meta'
[1.252s] Level 1:colcon.colcon_core.package_identification:_identify(.) by extensions ['ros']
[1.252s] Level 1:colcon.colcon_core.package_identification:_identify(.) by extension 'ros'
[1.266s] Level 1:colcon.colcon_core.package_identification:_identify(.) by extensions ['cmake', 'python']
[1.266s] Level 1:colcon.colcon_core.package_identification:_identify(.) by extension 'cmake'
[1.266s] Level 1:colcon.colcon_core.package_identification:_identify(.) by extension 'python'
[1.266s] Level 1:colcon.colcon_core.package_identification:_identify(.) by extensions ['python_setup_py']
[1.266s] Level 1:colcon.colcon_core.package_identification:_identify(.) by extension 'python_setup_py'
[1.267s] Level 1:colcon.colcon_core.package_identification:_identify(build) by extensions ['ignore', 'ignore_ament_install']
[1.267s] Level 1:colcon.colcon_core.package_identification:_identify(build) by extension 'ignore'
[1.267s] Level 1:colcon.colcon_core.package_identification:_identify(build) ignored
[1.267s] Level 1:colcon.colcon_core.package_identification:_identify(install) by extensions ['ignore', 'ignore_ament_install']
[1.267s] Level 1:colcon.colcon_core.package_identification:_identify(install) by extension 'ignore'
[1.267s] Level 1:colcon.colcon_core.package_identification:_identify(install) ignored
[1.268s] Level 1:colcon.colcon_core.package_identification:_identify(log) by extensions ['ignore', 'ignore_ament_install']
[1.268s] Level 1:colcon.colcon_core.package_identification:_identify(log) by extension 'ignore'
[1.268s] Level 1:colcon.colcon_core.package_identification:_identify(log) ignored
[1.268s] Level 1:colcon.colcon_core.package_identification:_identify(src) by extensions ['ignore', 'ignore_ament_install']
[1.268s] Level 1:colcon.colcon_core.package_identification:_identify(src) by extension 'ignore'
[1.268s] Level 1:colcon.colcon_core.package_identification:_identify(src) by extension 'ignore_ament_install'
[1.269s] Level 1:colcon.colcon_core.package_identification:_identify(src) by extensions ['colcon_pkg']
[1.269s] Level 1:colcon.colcon_core.package_identification:_identify(src) by extension 'colcon_pkg'
[1.269s] Level 1:colcon.colcon_core.package_identification:_identify(src) by extensions ['colcon_meta']
[1.269s] Level 1:colcon.colcon_core.package_identification:_identify(src) by extension 'colcon_meta'
[1.269s] Level 1:colcon.colcon_core.package_identification:_identify(src) by extensions ['ros']
[1.269s] Level 1:colcon.colcon_core.package_identification:_identify(src) by extension 'ros'
[1.269s] Level 1:colcon.colcon_core.package_identification:_identify(src) by extensions ['cmake', 'python']
[1.269s] Level 1:colcon.colcon_core.package_identification:_identify(src) by extension 'cmake'
[1.269s] Level 1:colcon.colcon_core.package_identification:_identify(src) by extension 'python'
[1.269s] Level 1:colcon.colcon_core.package_identification:_identify(src) by extensions ['python_setup_py']
[1.269s] Level 1:colcon.colcon_core.package_identification:_identify(src) by extension 'python_setup_py'
[1.269s] Level 1:colcon.colcon_core.package_discovery:discover_packages(recursive) using defaults
[1.269s] Level 1:colcon.colcon_core.package_discovery:discover_packages(ignore) discover
[1.269s] Level 1:colcon.colcon_core.package_discovery:discover_packages(ignore) using defaults
[1.269s] Level 1:colcon.colcon_core.package_discovery:discover_packages(path) discover
[1.269s] Level 1:colcon.colcon_core.package_discovery:discover_packages(path) using defaults
[1.361s] Level 1:colcon.colcon_core.package_discovery:discover_packages(prefix_path) check parameters
[1.361s] Level 1:colcon.colcon_core.package_discovery:discover_packages(prefix_path) discover
[1.386s] DEBUG:colcon.colcon_installed_package_information.package_discovery:Found 293 installed packages in /opt/ros/humble
[1.387s] Level 1:colcon.colcon_core.package_discovery:discover_packages(prefix_path) using defaults
[1.527s] INFO:colcon.colcon_core.executor:Executing jobs using 'parallel' executor
[1.539s] DEBUG:colcon.colcon_parallel_executor.executor.parallel:run_until_complete
[1.539s] DEBUG:colcon.colcon_parallel_executor.executor.parallel:closing loop
[1.539s] DEBUG:colcon.colcon_parallel_executor.executor.parallel:loop closed
[1.539s] DEBUG:colcon.colcon_parallel_executor.executor.parallel:run_until_complete finished with '0'
[1.539s] DEBUG:colcon.colcon_core.event_reactor:joining thread
[1.567s] INFO:colcon.colcon_core.plugin_system:Skipping extension 'colcon_notification.desktop_notification.terminal_notifier': Not used on non-Darwin systems
[1.567s] INFO:colcon.colcon_core.plugin_system:Skipping extension 'colcon_notification.desktop_notification.win32': Not used on non-Windows systems
[1.567s] INFO:colcon.colcon_notification.desktop_notification:Sending desktop notification using 'notify2'
[1.584s] DEBUG:colcon.colcon_core.event_reactor:joined thread
[1.604s] INFO:colcon.colcon_core.plugin_system:Skipping extension 'colcon_core.shell.bat': Not used on non-Windows systems
[1.605s] INFO:colcon.colcon_core.shell:Creating prefix script '/home/mscrobotics2324laptop2/ros_open_cv/install/local_setup.ps1'
[1.607s] INFO:colcon.colcon_core.shell:Creating prefix util module '/home/mscrobotics2324laptop2/ros_open_cv/install/_local_setup_util_ps1.py'
[1.611s] INFO:colcon.colcon_core.shell:Creating prefix chain script '/home/mscrobotics2324laptop2/ros_open_cv/install/setup.ps1'
[1.642s] INFO:colcon.colcon_core.shell:Creating prefix script '/home/mscrobotics2324laptop2/ros_open_cv/install/local_setup.sh'
[1.643s] INFO:colcon.colcon_core.shell:Creating prefix util module '/home/mscrobotics2324laptop2/ros_open_cv/install/_local_setup_util_sh.py'
[1.645s] INFO:colcon.colcon_core.shell:Creating prefix chain script '/home/mscrobotics2324laptop2/ros_open_cv/install/setup.sh'
[1.675s] INFO:colcon.colcon_core.shell:Creating prefix script '/home/mscrobotics2324laptop2/ros_open_cv/install/local_setup.bash'
[1.676s] INFO:colcon.colcon_core.shell:Creating prefix chain script '/home/mscrobotics2324laptop2/ros_open_cv/install/setup.bash'
[1.701s] INFO:colcon.colcon_core.shell:Creating prefix script '/home/mscrobotics2324laptop2/ros_open_cv/install/local_setup.zsh'
[1.703s] INFO:colcon.colcon_core.shell:Creating prefix chain script '/home/mscrobotics2324laptop2/ros_open_cv/install/setup.zsh'
