/home/mscrobotics2324laptop2/ros_open_cv/install/ros2_opencv/lib/python3.10/site-packages/ros2_opencv/camera_subscriber_14_03_24.py
/home/mscrobotics2324laptop2/ros_open_cv/install/ros2_opencv/lib/python3.10/site-packages/ros2_opencv/camera_publisher.py
/home/mscrobotics2324laptop2/ros_open_cv/install/ros2_opencv/lib/python3.10/site-packages/ros2_opencv/camera_subscriber_29_02_24.py
/home/mscrobotics2324laptop2/ros_open_cv/install/ros2_opencv/lib/python3.10/site-packages/ros2_opencv/camera_subscriber_09_04_24.py
/home/mscrobotics2324laptop2/ros_open_cv/install/ros2_opencv/lib/python3.10/site-packages/ros2_opencv/camera_subscriber_04_03_24.py
/home/mscrobotics2324laptop2/ros_open_cv/install/ros2_opencv/lib/python3.10/site-packages/ros2_opencv/__init__.py
/home/mscrobotics2324laptop2/ros_open_cv/install/ros2_opencv/lib/python3.10/site-packages/ros2_opencv/camera_subscriber.py
/home/mscrobotics2324laptop2/ros_open_cv/install/ros2_opencv/lib/python3.10/site-packages/ros2_opencv/camera_subscriber_7_2_24.py
/home/mscrobotics2324laptop2/ros_open_cv/install/ros2_opencv/lib/python3.10/site-packages/ros2_opencv/camera_subscriber_8_2_24.py
/home/mscrobotics2324laptop2/ros_open_cv/install/ros2_opencv/lib/python3.10/site-packages/ros2_opencv/camera_subscriber_28_2_24.py
/home/mscrobotics2324laptop2/ros_open_cv/install/ros2_opencv/lib/python3.10/site-packages/ros2_opencv/camera_subscriber_08_03_24.py
/home/mscrobotics2324laptop2/ros_open_cv/install/ros2_opencv/lib/python3.10/site-packages/ros2_opencv/camera_subscriber_06_03_24.py
/home/mscrobotics2324laptop2/ros_open_cv/install/ros2_opencv/lib/python3.10/site-packages/ros2_opencv/show_center_depth.py
/home/mscrobotics2324laptop2/ros_open_cv/install/ros2_opencv/lib/python3.10/site-packages/ros2_opencv/robot_camera_subscriber.py
/home/mscrobotics2324laptop2/ros_open_cv/install/ros2_opencv/lib/python3.10/site-packages/ros2_opencv/calculate.py
/home/mscrobotics2324laptop2/ros_open_cv/install/ros2_opencv/lib/python3.10/site-packages/ros2_opencv/__pycache__/camera_subscriber_14_03_24.cpython-310.pyc
/home/mscrobotics2324laptop2/ros_open_cv/install/ros2_opencv/lib/python3.10/site-packages/ros2_opencv/__pycache__/camera_publisher.cpython-310.pyc
/home/mscrobotics2324laptop2/ros_open_cv/install/ros2_opencv/lib/python3.10/site-packages/ros2_opencv/__pycache__/camera_subscriber_29_02_24.cpython-310.pyc
/home/mscrobotics2324laptop2/ros_open_cv/install/ros2_opencv/lib/python3.10/site-packages/ros2_opencv/__pycache__/camera_subscriber_09_04_24.cpython-310.pyc
/home/mscrobotics2324laptop2/ros_open_cv/install/ros2_opencv/lib/python3.10/site-packages/ros2_opencv/__pycache__/camera_subscriber_04_03_24.cpython-310.pyc
/home/mscrobotics2324laptop2/ros_open_cv/install/ros2_opencv/lib/python3.10/site-packages/ros2_opencv/__pycache__/__init__.cpython-310.pyc
/home/mscrobotics2324laptop2/ros_open_cv/install/ros2_opencv/lib/python3.10/site-packages/ros2_opencv/__pycache__/camera_subscriber.cpython-310.pyc
/home/mscrobotics2324laptop2/ros_open_cv/install/ros2_opencv/lib/python3.10/site-packages/ros2_opencv/__pycache__/camera_subscriber_7_2_24.cpython-310.pyc
/home/mscrobotics2324laptop2/ros_open_cv/install/ros2_opencv/lib/python3.10/site-packages/ros2_opencv/__pycache__/camera_subscriber_8_2_24.cpython-310.pyc
/home/mscrobotics2324laptop2/ros_open_cv/install/ros2_opencv/lib/python3.10/site-packages/ros2_opencv/__pycache__/camera_subscriber_28_2_24.cpython-310.pyc
/home/mscrobotics2324laptop2/ros_open_cv/install/ros2_opencv/lib/python3.10/site-packages/ros2_opencv/__pycache__/camera_subscriber_08_03_24.cpython-310.pyc
/home/mscrobotics2324laptop2/ros_open_cv/install/ros2_opencv/lib/python3.10/site-packages/ros2_opencv/__pycache__/camera_subscriber_06_03_24.cpython-310.pyc
/home/mscrobotics2324laptop2/ros_open_cv/install/ros2_opencv/lib/python3.10/site-packages/ros2_opencv/__pycache__/show_center_depth.cpython-310.pyc
/home/mscrobotics2324laptop2/ros_open_cv/install/ros2_opencv/lib/python3.10/site-packages/ros2_opencv/__pycache__/robot_camera_subscriber.cpython-310.pyc
/home/mscrobotics2324laptop2/ros_open_cv/install/ros2_opencv/lib/python3.10/site-packages/ros2_opencv/__pycache__/calculate.cpython-310.pyc
/home/mscrobotics2324laptop2/ros_open_cv/install/ros2_opencv/share/ament_index/resource_index/packages/ros2_opencv
/home/mscrobotics2324laptop2/ros_open_cv/install/ros2_opencv/share/ros2_opencv/package.xml
/home/mscrobotics2324laptop2/ros_open_cv/install/ros2_opencv/lib/python3.10/site-packages/ros2_opencv-0.0.0-py3.10.egg-info/dependency_links.txt
/home/mscrobotics2324laptop2/ros_open_cv/install/ros2_opencv/lib/python3.10/site-packages/ros2_opencv-0.0.0-py3.10.egg-info/zip-safe
/home/mscrobotics2324laptop2/ros_open_cv/install/ros2_opencv/lib/python3.10/site-packages/ros2_opencv-0.0.0-py3.10.egg-info/PKG-INFO
/home/mscrobotics2324laptop2/ros_open_cv/install/ros2_opencv/lib/python3.10/site-packages/ros2_opencv-0.0.0-py3.10.egg-info/SOURCES.txt
/home/mscrobotics2324laptop2/ros_open_cv/install/ros2_opencv/lib/python3.10/site-packages/ros2_opencv-0.0.0-py3.10.egg-info/top_level.txt
/home/mscrobotics2324laptop2/ros_open_cv/install/ros2_opencv/lib/python3.10/site-packages/ros2_opencv-0.0.0-py3.10.egg-info/requires.txt
/home/mscrobotics2324laptop2/ros_open_cv/install/ros2_opencv/lib/python3.10/site-packages/ros2_opencv-0.0.0-py3.10.egg-info/entry_points.txt
/home/mscrobotics2324laptop2/ros_open_cv/install/ros2_opencv/lib/ros2_opencv/camera_sensor_publisher
/home/mscrobotics2324laptop2/ros_open_cv/install/ros2_opencv/lib/ros2_opencv/camera_sensor_subscriber
/home/mscrobotics2324laptop2/ros_open_cv/install/ros2_opencv/lib/ros2_opencv/robot_camera_subscriber
