[0.461s] Invoking command in '/home/mscrobotics2324laptop2/ros_open_cv/src/ros2_opencv': CONDA_PROMPT_MODIFIER=(base) PYTHONPATH=/home/mscrobotics2324laptop2/ros_open_cv/build/ros2_opencv/prefix_override:/home/mscrobotics2324laptop2/ros_open_cv/install/ros2_opencv/lib/python3.10/site-packages:${PYTHONPATH} /usr/bin/python3 setup.py egg_info --egg-base ../../build/ros2_opencv build --build-base /home/mscrobotics2324laptop2/ros_open_cv/build/ros2_opencv/build install --record /home/mscrobotics2324laptop2/ros_open_cv/build/ros2_opencv/install.log --single-version-externally-managed
[0.601s] running egg_info
[0.602s] writing ../../build/ros2_opencv/ros2_opencv.egg-info/PKG-INFO
[0.602s] writing dependency_links to ../../build/ros2_opencv/ros2_opencv.egg-info/dependency_links.txt
[0.602s] writing entry points to ../../build/ros2_opencv/ros2_opencv.egg-info/entry_points.txt
[0.602s] writing requirements to ../../build/ros2_opencv/ros2_opencv.egg-info/requires.txt
[0.603s] writing top-level names to ../../build/ros2_opencv/ros2_opencv.egg-info/top_level.txt
[0.604s] reading manifest file '../../build/ros2_opencv/ros2_opencv.egg-info/SOURCES.txt'
[0.605s] writing manifest file '../../build/ros2_opencv/ros2_opencv.egg-info/SOURCES.txt'
[0.605s] running build
[0.605s] running build_py
[0.606s] running install
[0.606s] /usr/lib/python3/dist-packages/setuptools/command/install.py:34: SetuptoolsDeprecationWarning: setup.py install is deprecated. Use build and pip and other standards-based tools.
[0.606s]   warnings.warn(
[0.606s] running install_lib
[0.607s] running install_data
[0.608s] running install_egg_info
[0.609s] removing '/home/mscrobotics2324laptop2/ros_open_cv/install/ros2_opencv/lib/python3.10/site-packages/ros2_opencv-0.0.0-py3.10.egg-info' (and everything under it)
[0.609s] Copying ../../build/ros2_opencv/ros2_opencv.egg-info to /home/mscrobotics2324laptop2/ros_open_cv/install/ros2_opencv/lib/python3.10/site-packages/ros2_opencv-0.0.0-py3.10.egg-info
[0.610s] running install_scripts
[0.629s] Installing camera_sensor_publisher script to /home/mscrobotics2324laptop2/ros_open_cv/install/ros2_opencv/lib/ros2_opencv
[0.629s] Installing camera_sensor_subscriber script to /home/mscrobotics2324laptop2/ros_open_cv/install/ros2_opencv/lib/ros2_opencv
[0.629s] Installing robot_camera_subscriber script to /home/mscrobotics2324laptop2/ros_open_cv/install/ros2_opencv/lib/ros2_opencv
[0.629s] writing list of installed files to '/home/mscrobotics2324laptop2/ros_open_cv/build/ros2_opencv/install.log'
[0.651s] Invoked command in '/home/mscrobotics2324laptop2/ros_open_cv/src/ros2_opencv' returned '0': CONDA_PROMPT_MODIFIER=(base) PYTHONPATH=/home/mscrobotics2324laptop2/ros_open_cv/build/ros2_opencv/prefix_override:/home/mscrobotics2324laptop2/ros_open_cv/install/ros2_opencv/lib/python3.10/site-packages:${PYTHONPATH} /usr/bin/python3 setup.py egg_info --egg-base ../../build/ros2_opencv build --build-base /home/mscrobotics2324laptop2/ros_open_cv/build/ros2_opencv/build install --record /home/mscrobotics2324laptop2/ros_open_cv/build/ros2_opencv/install.log --single-version-externally-managed
